{"/Users/GQSM/Documents/Code/todolist/step3/todolist.js": {"path":"/Users/GQSM/Documents/Code/todolist/step3/todolist.js","statementMap":{"0":{"start":{"line":1,"column":16},"end":{"line":7,"column":1}},"1":{"start":{"line":2,"column":23},"end":{"line":2,"column":57}},"2":{"start":{"line":3,"column":24},"end":{"line":3,"column":69}},"3":{"start":{"line":4,"column":2},"end":{"line":4,"column":54}},"4":{"start":{"line":5,"column":2},"end":{"line":5,"column":66}},"5":{"start":{"line":6,"column":2},"end":{"line":6,"column":26}},"6":{"start":{"line":9,"column":0},"end":{"line":9,"column":70}}},"fnMap":{"0":{"name":"(anonymous_0)","decl":{"start":{"line":1,"column":16},"end":{"line":1,"column":17}},"loc":{"start":{"line":1,"column":22},"end":{"line":7,"column":1}},"line":1}},"branchMap":{},"s":{"0":1,"1":1,"2":1,"3":1,"4":1,"5":1,"6":1},"f":{"0":1},"b":{},"_coverageSchema":"43e27e138ebf9cfc5966b082cf9a028302ed4184","hash":"46bbd64960ad3ed479c6e3512fac70caf6ff09ad"}
}
